{"level":"info","message":{"token":"eyJhbGciOiJIUzI1NiIsInR5cCI6IkpXVCJ9.eyJ1c2VyIjp7Il9pZCI6IjY1YTZiMmU5YzI5OGE1MmQyMzZiYTBkZiIsImVtYWlsIjoidmlld19hbGxfdmlld2VyQGdtYWlsLmNvbSIsInJvbGUiOlsiVklFV19BTEwiLCJWSUVXRVIiXSwiX192IjowfSwiaWF0IjoxNzA1NDIzNjA2fQ.311kpPo7GH8qwWAFM8ItutoD4XfXI95I_4ZjMXHal1o"},"service":"user-service"}
{"level":"info","message":{"validateToken":{"iat":1705423606,"user":{"__v":0,"_id":"65a6b2e9c298a52d236ba0df","email":"view_all_viewer@gmail.com","role":["VIEW_ALL","VIEWER"]}}},"service":"user-service"}
{"level":"info","message":{"canView":{"__v":0,"_id":"65a6b2e9c298a52d236ba0df","email":"view_all_viewer@gmail.com","role":["VIEW_ALL","VIEWER"]},"hasViewPermission":true},"service":"user-service"}
{"level":"info","message":{"token":"eyJhbGciOiJIUzI1NiIsInR5cCI6IkpXVCJ9.eyJ1c2VyIjp7Il9pZCI6IjY1YTZiMmU5YzI5OGE1MmQyMzZiYTBkZiIsImVtYWlsIjoidmlld19hbGxfdmlld2VyQGdtYWlsLmNvbSIsInJvbGUiOlsiVklFV19BTEwiLCJWSUVXRVIiXSwiX192IjowfSwiaWF0IjoxNzA1NDIzNjA2fQ.311kpPo7GH8qwWAFM8ItutoD4XfXI95I_4ZjMXHal1o"},"service":"user-service"}
{"level":"info","message":{"validateToken":{"iat":1705423606,"user":{"__v":0,"_id":"65a6b2e9c298a52d236ba0df","email":"view_all_viewer@gmail.com","role":["VIEW_ALL","VIEWER"]}}},"service":"user-service"}
{"level":"info","message":{"canView":{"__v":0,"_id":"65a6b2e9c298a52d236ba0df","email":"view_all_viewer@gmail.com","role":["VIEW_ALL","VIEWER"]},"hasViewPermission":true},"service":"user-service"}
{"level":"info","message":{"token":"eyJhbGciOiJIUzI1NiIsInR5cCI6IkpXVCJ9.eyJ1c2VyIjp7Il9pZCI6IjY1YTZiMmU5YzI5OGE1MmQyMzZiYTBkZiIsImVtYWlsIjoidmlld19hbGxfdmlld2VyQGdtYWlsLmNvbSIsInJvbGUiOlsiVklFV19BTEwiLCJWSUVXRVIiXSwiX192IjowfSwiaWF0IjoxNzA1NDIzNjA2fQ.311kpPo7GH8qwWAFM8ItutoD4XfXI95I_4ZjMXHal1o"},"service":"user-service"}
{"level":"info","message":{"validateToken":{"iat":1705423606,"user":{"__v":0,"_id":"65a6b2e9c298a52d236ba0df","email":"view_all_viewer@gmail.com","role":["VIEW_ALL","VIEWER"]}}},"service":"user-service"}
{"level":"info","message":{"canView":{"__v":0,"_id":"65a6b2e9c298a52d236ba0df","email":"view_all_viewer@gmail.com","role":["VIEW_ALL","VIEWER"]},"hasViewPermission":true},"service":"user-service"}
{"level":"info","message":{},"service":"user-service"}
{"level":"info","message":{"token":"eyJhbGciOiJIUzI1NiIsInR5cCI6IkpXVCJ9.eyJ1c2VyIjp7Il9pZCI6IjY1YTZiMmU5YzI5OGE1MmQyMzZiYTBkZiIsImVtYWlsIjoidmlld19hbGxfdmlld2VyQGdtYWlsLmNvbSIsInJvbGUiOlsiVklFV19BTEwiLCJWSUVXRVIiXSwiX192IjowfSwiaWF0IjoxNzA1NDIzNjA2fQ.311kpPo7GH8qwWAFM8ItutoD4XfXI95I_4ZjMXHal1o"},"service":"user-service"}
{"level":"info","message":{"token":"eyJhbGciOiJIUzI1NiIsInR5cCI6IkpXVCJ9.eyJ1c2VyIjp7Il9pZCI6IjY1YTZiMmU5YzI5OGE1MmQyMzZiYTBkZiIsImVtYWlsIjoidmlld19hbGxfdmlld2VyQGdtYWlsLmNvbSIsInJvbGUiOlsiVklFV19BTEwiLCJWSUVXRVIiXSwiX192IjowfSwiaWF0IjoxNzA1NDIzNjA2fQ.311kpPo7GH8qwWAFM8ItutoD4XfXI95I_4ZjMXHal1o"},"service":"user-service"}
{"level":"info","message":{"validateToken":{"iat":1705423606,"user":{"__v":0,"_id":"65a6b2e9c298a52d236ba0df","email":"view_all_viewer@gmail.com","role":["VIEW_ALL","VIEWER"]}}},"service":"user-service"}
{"level":"info","message":{"canView":{"__v":0,"_id":"65a6b2e9c298a52d236ba0df","email":"view_all_viewer@gmail.com","role":["VIEW_ALL","VIEWER"]},"hasViewPermission":true},"service":"user-service"}
{"level":"info","message":{"page":"1","page_size":"30"},"service":"user-service"}
{"level":"info","message":{"token":"eyJhbGciOiJIUzI1NiIsInR5cCI6IkpXVCJ9.eyJ1c2VyIjp7Il9pZCI6IjY1YTZiMmU5YzI5OGE1MmQyMzZiYTBkZiIsImVtYWlsIjoidmlld19hbGxfdmlld2VyQGdtYWlsLmNvbSIsInJvbGUiOlsiVklFV19BTEwiLCJWSUVXRVIiXSwiX192IjowfSwiaWF0IjoxNzA1NDIzNjA2fQ.311kpPo7GH8qwWAFM8ItutoD4XfXI95I_4ZjMXHal1o"},"service":"user-service"}
{"level":"info","message":{"validateToken":{"iat":1705423606,"user":{"__v":0,"_id":"65a6b2e9c298a52d236ba0df","email":"view_all_viewer@gmail.com","role":["VIEW_ALL","VIEWER"]}}},"service":"user-service"}
{"level":"info","message":{"canView":{"__v":0,"_id":"65a6b2e9c298a52d236ba0df","email":"view_all_viewer@gmail.com","role":["VIEW_ALL","VIEWER"]},"hasViewPermission":true},"service":"user-service"}
{"level":"info","message":{"page":"1","page_size":"30"},"service":"user-service"}
{"level":"info","message":{"pageNo":"1","pageSize":"30"},"service":"user-service"}
{"level":"info","message":{"token":"eyJhbGciOiJIUzI1NiIsInR5cCI6IkpXVCJ9.eyJ1c2VyIjp7Il9pZCI6IjY1YTZiMmU5YzI5OGE1MmQyMzZiYTBkZiIsImVtYWlsIjoidmlld19hbGxfdmlld2VyQGdtYWlsLmNvbSIsInJvbGUiOlsiVklFV19BTEwiLCJWSUVXRVIiXSwiX192IjowfSwiaWF0IjoxNzA1NDIzNjA2fQ.311kpPo7GH8qwWAFM8ItutoD4XfXI95I_4ZjMXHal1o"},"service":"user-service"}
{"level":"info","message":{"validateToken":{"iat":1705423606,"user":{"__v":0,"_id":"65a6b2e9c298a52d236ba0df","email":"view_all_viewer@gmail.com","role":["VIEW_ALL","VIEWER"]}}},"service":"user-service"}
{"level":"info","message":{"canView":{"__v":0,"_id":"65a6b2e9c298a52d236ba0df","email":"view_all_viewer@gmail.com","role":["VIEW_ALL","VIEWER"]},"hasViewPermission":true},"service":"user-service"}
{"level":"info","message":{"page":"1","page_size":"30"},"service":"user-service"}
{"level":"info","message":{"pageNo":1,"pageSize":"30"},"service":"user-service"}
{"level":"info","message":{"token":"eyJhbGciOiJIUzI1NiIsInR5cCI6IkpXVCJ9.eyJ1c2VyIjp7Il9pZCI6IjY1YTZiMmU5YzI5OGE1MmQyMzZiYTBkZiIsImVtYWlsIjoidmlld19hbGxfdmlld2VyQGdtYWlsLmNvbSIsInJvbGUiOlsiVklFV19BTEwiLCJWSUVXRVIiXSwiX192IjowfSwiaWF0IjoxNzA1NDIzNjA2fQ.311kpPo7GH8qwWAFM8ItutoD4XfXI95I_4ZjMXHal1o"},"service":"user-service"}
{"level":"info","message":{"validateToken":{"iat":1705423606,"user":{"__v":0,"_id":"65a6b2e9c298a52d236ba0df","email":"view_all_viewer@gmail.com","role":["VIEW_ALL","VIEWER"]}}},"service":"user-service"}
{"level":"info","message":{"canView":{"__v":0,"_id":"65a6b2e9c298a52d236ba0df","email":"view_all_viewer@gmail.com","role":["VIEW_ALL","VIEWER"]},"hasViewPermission":true},"service":"user-service"}
{"level":"info","message":{"page":"1","page_size":"30"},"service":"user-service"}
{"level":"info","message":{"pageNo":1,"pageSize":"30"},"service":"user-service"}
{"level":"info","message":{"token":"eyJhbGciOiJIUzI1NiIsInR5cCI6IkpXVCJ9.eyJ1c2VyIjp7Il9pZCI6IjY1YTZiMmU5YzI5OGE1MmQyMzZiYTBkZiIsImVtYWlsIjoidmlld19hbGxfdmlld2VyQGdtYWlsLmNvbSIsInJvbGUiOlsiVklFV19BTEwiLCJWSUVXRVIiXSwiX192IjowfSwiaWF0IjoxNzA1NDIzNjA2fQ.311kpPo7GH8qwWAFM8ItutoD4XfXI95I_4ZjMXHal1o"},"service":"user-service"}
{"level":"info","message":{"validateToken":{"iat":1705423606,"user":{"__v":0,"_id":"65a6b2e9c298a52d236ba0df","email":"view_all_viewer@gmail.com","role":["VIEW_ALL","VIEWER"]}}},"service":"user-service"}
{"level":"info","message":{"canView":{"__v":0,"_id":"65a6b2e9c298a52d236ba0df","email":"view_all_viewer@gmail.com","role":["VIEW_ALL","VIEWER"]},"hasViewPermission":true},"service":"user-service"}
{"level":"info","message":{"new":"1"},"service":"user-service"}
{"level":"info","message":{"new_":"1","pageNo":1,"pageSize":"10"},"service":"user-service"}
{"level":"info","message":{"token":"eyJhbGciOiJIUzI1NiIsInR5cCI6IkpXVCJ9.eyJ1c2VyIjp7Il9pZCI6IjY1YTZiMmU5YzI5OGE1MmQyMzZiYTBkZiIsImVtYWlsIjoidmlld19hbGxfdmlld2VyQGdtYWlsLmNvbSIsInJvbGUiOlsiVklFV19BTEwiLCJWSUVXRVIiXSwiX192IjowfSwiaWF0IjoxNzA1NDIzNjA2fQ.311kpPo7GH8qwWAFM8ItutoD4XfXI95I_4ZjMXHal1o"},"service":"user-service"}
{"level":"info","message":{"validateToken":{"iat":1705423606,"user":{"__v":0,"_id":"65a6b2e9c298a52d236ba0df","email":"view_all_viewer@gmail.com","role":["VIEW_ALL","VIEWER"]}}},"service":"user-service"}
{"level":"info","message":{"canView":{"__v":0,"_id":"65a6b2e9c298a52d236ba0df","email":"view_all_viewer@gmail.com","role":["VIEW_ALL","VIEWER"]},"hasViewPermission":true},"service":"user-service"}
{"level":"info","message":{"old":"1"},"service":"user-service"}
{"level":"info","message":{"old_":"1","pageNo":1,"pageSize":"10"},"service":"user-service"}
